<?xml version="1.0" encoding="UTF-8"?>
<!-- Generated by org.testng.reporters.JUnitReportReporter -->
<testsuite hostname="LAPTOP-0KCN5936" failures="0" tests="1" name="org.pageexecution.NormalPageExecution" time="0.002" errors="0" timestamp="16 Apr 2022 03:47:17 GMT" skipped="0">
  <testcase classname="org.pageexecution.NormalPageExecution" name="test" time="0.002"/>
</testsuite> <!-- org.pageexecution.NormalPageExecution -->
