<?xml version="1.0" encoding="UTF-8"?>
<!-- Generated by org.testng.reporters.JUnitReportReporter -->
<testsuite hostname="LAPTOP-0KCN5936" failures="0" tests="5" name="org.pageexecution.LoginPageExe" time="5.284" errors="0" timestamp="17 Apr 2022 03:05:01 GMT" skipped="0">
  <testcase classname="org.pageexecution.LoginPageExe" name="method" time="1.201"/>
  <testcase classname="org.pageexecution.LoginPageExe" name="method" time="0.970"/>
  <testcase classname="org.pageexecution.LoginPageExe" name="method" time="0.991"/>
  <testcase classname="org.pageexecution.LoginPageExe" name="method" time="1.145"/>
  <testcase classname="org.pageexecution.LoginPageExe" name="method" time="0.977"/>
</testsuite> <!-- org.pageexecution.LoginPageExe -->
