<?xml version="1.0" encoding="UTF-8"?>
<!-- Generated by org.testng.reporters.JUnitReportReporter -->
<testsuite hostname="LAPTOP-0KCN5936" failures="0" tests="5" name="org.pageexecution.LoginPageExe2" time="3.428" errors="0" timestamp="17 Apr 2022 03:05:01 GMT" skipped="0">
  <testcase classname="org.pageexecution.LoginPageExe2" name="method" time="0.771"/>
  <testcase classname="org.pageexecution.LoginPageExe2" name="method" time="0.665"/>
  <testcase classname="org.pageexecution.LoginPageExe2" name="method" time="0.666"/>
  <testcase classname="org.pageexecution.LoginPageExe2" name="method" time="0.635"/>
  <testcase classname="org.pageexecution.LoginPageExe2" name="method" time="0.691"/>
</testsuite> <!-- org.pageexecution.LoginPageExe2 -->
