<?xml version="1.0" encoding="UTF-8"?>
<!-- Generated by org.testng.reporters.JUnitReportReporter -->
<testsuite hostname="LAPTOP-0KCN5936" failures="0" tests="1" name="org.pageexecution.Description" time="0.007" errors="0" timestamp="16 Apr 2022 03:47:17 GMT" skipped="0">
  <testcase classname="org.pageexecution.Description" name="add" time="0.007"/>
</testsuite> <!-- org.pageexecution.Description -->
