<?xml version="1.0" encoding="UTF-8"?>
<!-- Generated by org.testng.reporters.JUnitReportReporter -->
<testsuite hostname="LAPTOP-0KCN5936" failures="0" tests="10" name="org.pageexecution.Invoke" time="10.120" errors="0" timestamp="16 Apr 2022 03:47:17 GMT" skipped="0">
  <testcase classname="org.pageexecution.Invoke" name="multiple" time="1.007"/>
  <testcase classname="org.pageexecution.Invoke" name="multiple" time="1.019"/>
  <testcase classname="org.pageexecution.Invoke" name="multiple" time="1.011"/>
  <testcase classname="org.pageexecution.Invoke" name="multiple" time="1.009"/>
  <testcase classname="org.pageexecution.Invoke" name="multiple" time="1.007"/>
  <testcase classname="org.pageexecution.Invoke" name="multiple" time="1.019"/>
  <testcase classname="org.pageexecution.Invoke" name="multiple" time="1.010"/>
  <testcase classname="org.pageexecution.Invoke" name="multiple" time="1.018"/>
  <testcase classname="org.pageexecution.Invoke" name="multiple" time="1.009"/>
  <testcase classname="org.pageexecution.Invoke" name="multiple" time="1.011"/>
</testsuite> <!-- org.pageexecution.Invoke -->
