<?xml version="1.0" encoding="UTF-8"?>
<!-- Generated by org.testng.reporters.JUnitReportReporter -->
<testsuite hostname="LAPTOP-0KCN5936" failures="0" tests="4" name="org.pageexecution.Basic" time="0.020" errors="0" timestamp="16 Apr 2022 03:47:17 GMT" skipped="0">
  <testcase classname="org.pageexecution.Basic" name="testa" time="0.001"/>
  <testcase classname="org.pageexecution.Basic" name="testa" time="0.011"/>
  <testcase classname="org.pageexecution.Basic" name="test3" time="0.003"/>
  <testcase classname="org.pageexecution.Basic" name="test3" time="0.005"/>
</testsuite> <!-- org.pageexecution.Basic -->
